# JRE version: OpenJDK Runtime Environment (Red_Hat-11.0.22.0.7-1) (11.0.22+7) (fastdebug build 11.0.22+7)
# Java VM: OpenJDK 64-Bit Server VM (Red_Hat-11.0.22.0.7-1) (fastdebug 11.0.22+7, mixed mode, sharing, tiered, compressed oops, g1 gc, linux-amd64)
Heap:
 garbage-first heap   total 177152K, used 75718K [0x000000008dc00000, 0x0000000100000000)
  region size 1024K, 54 young (55296K), 7 survivors (7168K)
 Metaspace       used 70443K, capacity 72481K, committed 72752K, reserved 1112064K
  class space    used 8946K, capacity 9799K, committed 9856K, reserved 1048576K
GC Heap History (20 events):
Event: 1.230 GC heap before
{Heap before GC invocations=0 (full 0):
 garbage-first heap   total 120832K, used 26316K [0x000000008dc00000, 0x0000000100000000)
  region size 1024K, 24 young (24576K), 0 survivors (0K)
 Metaspace       used 7891K, capacity 8228K, committed 8448K, reserved 1056768K
  class space    used 881K, capacity 1018K, committed 1024K, reserved 1048576K
}
Event: 1.265 GC heap after
{Heap after GC invocations=1 (full 0):
 garbage-first heap   total 120832K, used 8066K [0x000000008dc00000, 0x0000000100000000)
  region size 1024K, 3 young (3072K), 3 survivors (3072K)
 Metaspace       used 7891K, capacity 8228K, committed 8448K, reserved 1056768K
  class space    used 881K, capacity 1018K, committed 1024K, reserved 1048576K
}
Event: 1.796 GC heap before
{Heap before GC invocations=1 (full 0):
 garbage-first heap   total 120832K, used 29570K [0x000000008dc00000, 0x0000000100000000)
  region size 1024K, 24 young (24576K), 3 survivors (3072K)
 Metaspace       used 10832K, capacity 11295K, committed 11520K, reserved 1058816K
  class space    used 1255K, capacity 1449K, committed 1536K, reserved 1048576K
}
Event: 1.810 GC heap after
{Heap after GC invocations=2 (full 0):
 garbage-first heap   total 120832K, used 9435K [0x000000008dc00000, 0x0000000100000000)
  region size 1024K, 1 young (1024K), 1 survivors (1024K)
 Metaspace       used 10832K, capacity 11295K, committed 11520K, reserved 1058816K
  class space    used 1255K, capacity 1449K, committed 1536K, reserved 1048576K
}
Event: 2.886 GC heap before
{Heap before GC invocations=2 (full 0):
 garbage-first heap   total 120832K, used 52443K [0x000000008dc00000, 0x0000000100000000)
  region size 1024K, 44 young (45056K), 1 survivors (1024K)
 Metaspace       used 17250K, capacity 17901K, committed 18176K, reserved 1064960K
  class space    used 2188K, capacity 2453K, committed 2560K, reserved 1048576K
}
Event: 2.897 GC heap after
{Heap after GC invocations=3 (full 0):
 garbage-first heap   total 120832K, used 11075K [0x000000008dc00000, 0x0000000100000000)
  region size 1024K, 3 young (3072K), 3 survivors (3072K)
 Metaspace       used 17250K, capacity 17901K, committed 18176K, reserved 1064960K
  class space    used 2188K, capacity 2453K, committed 2560K, reserved 1048576K
}
Event: 3.358 GC heap before
{Heap before GC invocations=3 (full 0):
 garbage-first heap   total 120832K, used 34627K [0x000000008dc00000, 0x0000000100000000)
  region size 1024K, 28 young (28672K), 3 survivors (3072K)
 Metaspace       used 20442K, capacity 21152K, committed 21296K, reserved 1067008K
  class space    used 2560K, capacity 2854K, committed 2944K, reserved 1048576K
}
Event: 3.370 GC heap after
{Heap after GC invocations=4 (full 0):
 garbage-first heap   total 120832K, used 12566K [0x000000008dc00000, 0x0000000100000000)
  region size 1024K, 4 young (4096K), 4 survivors (4096K)
 Metaspace       used 20442K, capacity 21152K, committed 21296K, reserved 1067008K
  class space    used 2560K, capacity 2854K, committed 2944K, reserved 1048576K
}
Event: 4.214 GC heap before
{Heap before GC invocations=5 (full 0):
 garbage-first heap   total 120832K, used 63766K [0x000000008dc00000, 0x0000000100000000)
  region size 1024K, 54 young (55296K), 4 survivors (4096K)
 Metaspace       used 25389K, capacity 26284K, committed 26416K, reserved 1073152K
  class space    used 3130K, capacity 3450K, committed 3456K, reserved 1048576K
}
Event: 4.228 GC heap after
{Heap after GC invocations=6 (full 0):
 garbage-first heap   total 147456K, used 14041K [0x000000008dc00000, 0x0000000100000000)
  region size 1024K, 5 young (5120K), 5 survivors (5120K)
 Metaspace       used 25389K, capacity 26284K, committed 26416K, reserved 1073152K
  class space    used 3130K, capacity 3450K, committed 3456K, reserved 1048576K
}
Event: 7.747 GC heap before
{Heap before GC invocations=6 (full 0):
 garbage-first heap   total 147456K, used 77529K [0x000000008dc00000, 0x0000000100000000)
  region size 1024K, 67 young (68608K), 5 survivors (5120K)
 Metaspace       used 32256K, capacity 33409K, committed 33584K, reserved 1079296K
  class space    used 3981K, capacity 4418K, committed 4480K, reserved 1048576K
}
Event: 7.765 GC heap after
{Heap after GC invocations=7 (full 0):
 garbage-first heap   total 147456K, used 16814K [0x000000008dc00000, 0x0000000100000000)
  region size 1024K, 8 young (8192K), 8 survivors (8192K)
 Metaspace       used 32256K, capacity 33409K, committed 33584K, reserved 1079296K
  class space    used 3981K, capacity 4418K, committed 4480K, reserved 1048576K
}
Event: 8.658 GC heap before
{Heap before GC invocations=7 (full 0):
 garbage-first heap   total 147456K, used 31150K [0x000000008dc00000, 0x0000000100000000)
  region size 1024K, 23 young (23552K), 8 survivors (8192K)
 Metaspace       used 34353K, capacity 35622K, committed 35888K, reserved 1081344K
  class space    used 4244K, capacity 4709K, committed 4736K, reserved 1048576K
}
Event: 8.683 GC heap after
{Heap after GC invocations=8 (full 0):
 garbage-first heap   total 147456K, used 18031K [0x000000008dc00000, 0x0000000100000000)
  region size 1024K, 7 young (7168K), 7 survivors (7168K)
 Metaspace       used 34353K, capacity 35622K, committed 35888K, reserved 1081344K
  class space    used 4244K, capacity 4709K, committed 4736K, reserved 1048576K
}
Event: 14.652 GC heap before
{Heap before GC invocations=9 (full 0):
 garbage-first heap   total 147456K, used 97903K [0x000000008dc00000, 0x0000000100000000)
  region size 1024K, 85 young (87040K), 7 survivors (7168K)
 Metaspace       used 48305K, capacity 49757K, committed 49968K, reserved 1093632K
  class space    used 6100K, capacity 6694K, committed 6784K, reserved 1048576K
}
Event: 14.678 GC heap after
{Heap after GC invocations=10 (full 0):
 garbage-first heap   total 147456K, used 22994K [0x000000008dc00000, 0x0000000100000000)
  region size 1024K, 11 young (11264K), 11 survivors (11264K)
 Metaspace       used 48305K, capacity 49757K, committed 49968K, reserved 1093632K
  class space    used 6100K, capacity 6694K, committed 6784K, reserved 1048576K
}
Event: 19.478 GC heap before
{Heap before GC invocations=10 (full 0):
 garbage-first heap   total 147456K, used 79314K [0x000000008dc00000, 0x0000000100000000)
  region size 1024K, 67 young (68608K), 11 survivors (11264K)
 Metaspace       used 58345K, capacity 59885K, committed 59952K, reserved 1101824K
  class space    used 7427K, capacity 8055K, committed 8064K, reserved 1048576K
}
Event: 19.508 GC heap after
{Heap after GC invocations=11 (full 0):
 garbage-first heap   total 177152K, used 25394K [0x000000008dc00000, 0x0000000100000000)
  region size 1024K, 8 young (8192K), 8 survivors (8192K)
 Metaspace       used 58345K, capacity 59885K, committed 59952K, reserved 1101824K
  class space    used 7427K, capacity 8055K, committed 8064K, reserved 1048576K
}
Event: 24.839 GC heap before
{Heap before GC invocations=12 (full 0):
 garbage-first heap   total 177152K, used 111410K [0x000000008dc00000, 0x0000000100000000)
  region size 1024K, 92 young (94208K), 8 survivors (8192K)
 Metaspace       used 64333K, capacity 66207K, committed 66352K, reserved 1105920K
  class space    used 8205K, capacity 8968K, committed 9088K, reserved 1048576K
}
Event: 24.869 GC heap after
{Heap after GC invocations=13 (full 0):
 garbage-first heap   total 177152K, used 29638K [0x000000008dc00000, 0x0000000100000000)
  region size 1024K, 7 young (7168K), 7 survivors (7168K)
 Metaspace       used 64333K, capacity 66207K, committed 66352K, reserved 1105920K
  class space    used 8205K, capacity 8968K, committed 9088K, reserved 1048576K
}

